This file contains any messages produced by compilers while
running configure, to aid debugging if configure makes a mistake.

It was created by Hello Program configure 2020.308.proto, which was
generated by GNU Autoconf 2.69.  Invocation command line was

  $ ./configure --prefix /home/r2/.local

## --------- ##
## Platform. ##
## --------- ##

hostname = ohmyarcharch
uname -m = x86_64
uname -r = 5.5.8-arch1-1
uname -s = Linux
uname -v = #1 SMP PREEMPT Fri, 06 Mar 2020 00:57:33 +0000

/usr/bin/uname -p = unknown
/bin/uname -X     = unknown

/bin/arch              = unknown
/usr/bin/arch -k       = unknown
/usr/convex/getsysinfo = unknown
/usr/bin/hostinfo      = unknown
/bin/machine           = unknown
/usr/bin/oslevel       = unknown
/bin/universe          = unknown

PATH: /usr/local/bin
PATH: /usr/local/sbin
PATH: /usr/bin
PATH: /opt/cuda/bin
PATH: /var/lib/flatpak/exports/bin
PATH: /usr/bin/site_perl
PATH: /usr/bin/vendor_perl
PATH: /usr/bin/core_perl


## ----------- ##
## Core tests. ##
## ----------- ##

configure:1850: checking for a BSD-compatible install
configure:1918: result: /usr/bin/install -c
configure:1929: checking whether build environment is sane
configure:1984: result: yes
configure:2133: checking for a thread-safe mkdir -p
configure:2172: result: /usr/bin/mkdir -p
configure:2179: checking for gawk
configure:2195: found /usr/bin/gawk
configure:2206: result: gawk
configure:2217: checking whether make sets $(MAKE)
configure:2239: result: yes
configure:2268: checking whether make supports nested variables
configure:2285: result: yes
configure:2464: checking for gfortran
configure:2480: found /usr/bin/gfortran
configure:2491: result: gfortran
configure:2517: checking for Fortran compiler version
configure:2526: gfortran --version >&5
GNU Fortran (Arch Linux 9.2.1+20200130-2) 9.2.1 20200130
Copyright (C) 2019 Free Software Foundation, Inc.
This is free software; see the source for copying conditions.  There is NO
warranty; not even for MERCHANTABILITY or FITNESS FOR A PARTICULAR PURPOSE.

configure:2537: $? = 0
configure:2526: gfortran -v >&5
Using built-in specs.
COLLECT_GCC=gfortran
COLLECT_LTO_WRAPPER=/usr/lib/gcc/x86_64-pc-linux-gnu/9.2.1/lto-wrapper
Target: x86_64-pc-linux-gnu
Configured with: /build/gcc/src/gcc/configure --prefix=/usr --libdir=/usr/lib --libexecdir=/usr/lib --mandir=/usr/share/man --infodir=/usr/share/info --with-pkgversion='Arch Linux 9.2.1+20200130-2' --with-bugurl=https://bugs.archlinux.org/ --enable-languages=c,c++,ada,fortran,go,lto,objc,obj-c++,d --enable-shared --enable-threads=posix --with-system-zlib --with-isl --enable-__cxa_atexit --disable-libunwind-exceptions --enable-clocale=gnu --disable-libstdcxx-pch --disable-libssp --enable-gnu-unique-object --enable-linker-build-id --enable-lto --enable-plugin --enable-install-libiberty --with-linker-hash-style=gnu --enable-gnu-indirect-function --enable-multilib --disable-werror --enable-checking=release --enable-default-pie --enable-default-ssp --enable-cet=auto gdc_include_dir=/usr/include/dlang/gdc
Thread model: posix
gcc version 9.2.1 20200130 (Arch Linux 9.2.1+20200130-2) 
configure:2537: $? = 0
configure:2526: gfortran -V >&5
gfortran: error: unrecognized command line option '-V'
gfortran: fatal error: no input files
compilation terminated.
configure:2537: $? = 1
configure:2526: gfortran -qversion >&5
gfortran: error: unrecognized command line option '-qversion'; did you mean '--version'?
gfortran: fatal error: no input files
compilation terminated.
configure:2537: $? = 1
configure:2552: checking whether the Fortran compiler works
configure:2574: gfortran    conftest.f  >&5
configure:2578: $? = 0
configure:2626: result: yes
configure:2629: checking for Fortran compiler default output file name
configure:2631: result: a.out
configure:2637: checking for suffix of executables
configure:2644: gfortran -o conftest    conftest.f  >&5
configure:2648: $? = 0
configure:2670: result: 
configure:2686: checking whether we are cross compiling
configure:2694: gfortran -o conftest    conftest.f  >&5
configure:2698: $? = 0
configure:2705: ./conftest
configure:2709: $? = 0
configure:2697: result: no
configure:2702: checking for suffix of object files
configure:2718: gfortran -c   conftest.f >&5
configure:2722: $? = 0
configure:2743: result: o
configure:2751: checking whether we are using the GNU Fortran compiler
configure:2764: gfortran -c   conftest.F >&5
configure:2764: $? = 0
configure:2773: result: yes
configure:2779: checking whether gfortran accepts -g
configure:2790: gfortran -c -g  conftest.f >&5
configure:2790: $? = 0
configure:2798: result: yes
configure:2880: checking for gfortran
configure:2896: found /usr/bin/gfortran
configure:2907: result: gfortran
configure:2933: checking for Fortran 77 compiler version
configure:2942: gfortran --version >&5
GNU Fortran (Arch Linux 9.2.1+20200130-2) 9.2.1 20200130
Copyright (C) 2019 Free Software Foundation, Inc.
This is free software; see the source for copying conditions.  There is NO
warranty; not even for MERCHANTABILITY or FITNESS FOR A PARTICULAR PURPOSE.

configure:2953: $? = 0
configure:2942: gfortran -v >&5
Using built-in specs.
COLLECT_GCC=gfortran
COLLECT_LTO_WRAPPER=/usr/lib/gcc/x86_64-pc-linux-gnu/9.2.1/lto-wrapper
Target: x86_64-pc-linux-gnu
Configured with: /build/gcc/src/gcc/configure --prefix=/usr --libdir=/usr/lib --libexecdir=/usr/lib --mandir=/usr/share/man --infodir=/usr/share/info --with-pkgversion='Arch Linux 9.2.1+20200130-2' --with-bugurl=https://bugs.archlinux.org/ --enable-languages=c,c++,ada,fortran,go,lto,objc,obj-c++,d --enable-shared --enable-threads=posix --with-system-zlib --with-isl --enable-__cxa_atexit --disable-libunwind-exceptions --enable-clocale=gnu --disable-libstdcxx-pch --disable-libssp --enable-gnu-unique-object --enable-linker-build-id --enable-lto --enable-plugin --enable-install-libiberty --with-linker-hash-style=gnu --enable-gnu-indirect-function --enable-multilib --disable-werror --enable-checking=release --enable-default-pie --enable-default-ssp --enable-cet=auto gdc_include_dir=/usr/include/dlang/gdc
Thread model: posix
gcc version 9.2.1 20200130 (Arch Linux 9.2.1+20200130-2) 
configure:2953: $? = 0
configure:2942: gfortran -V >&5
gfortran: error: unrecognized command line option '-V'
gfortran: fatal error: no input files
compilation terminated.
configure:2953: $? = 1
configure:2942: gfortran -qversion >&5
gfortran: error: unrecognized command line option '-qversion'; did you mean '--version'?
gfortran: fatal error: no input files
compilation terminated.
configure:2953: $? = 1
configure:2962: checking whether we are using the GNU Fortran 77 compiler
configure:2975: gfortran -c  conftest.F >&5
configure:2975: $? = 0
configure:2984: result: yes
configure:2990: checking whether gfortran accepts -g
configure:3001: gfortran -c -g conftest.f >&5
configure:3001: $? = 0
configure:3009: result: yes
configure:3179: checking that generated files are newer than configure
configure:3185: result: done
configure:3200: creating ./config.status

## ---------------------- ##
## Running config.status. ##
## ---------------------- ##

This file was extended by Hello Program config.status 2020.308.proto, which was
generated by GNU Autoconf 2.69.  Invocation command line was

  CONFIG_FILES    = 
  CONFIG_HEADERS  = 
  CONFIG_LINKS    = 
  CONFIG_COMMANDS = 
  $ ./config.status 

on ohmyarcharch

config.status:750: creating Makefile
config.status:750: creating src/Makefile

## ---------------- ##
## Cache variables. ##
## ---------------- ##

ac_cv_env_F77_set=
ac_cv_env_F77_value=
ac_cv_env_FCFLAGS_set=
ac_cv_env_FCFLAGS_value=
ac_cv_env_FC_set=
ac_cv_env_FC_value=
ac_cv_env_FFLAGS_set=
ac_cv_env_FFLAGS_value=
ac_cv_env_LDFLAGS_set=
ac_cv_env_LDFLAGS_value=
ac_cv_env_LIBS_set=
ac_cv_env_LIBS_value=
ac_cv_env_build_alias_set=
ac_cv_env_build_alias_value=
ac_cv_env_host_alias_set=
ac_cv_env_host_alias_value=
ac_cv_env_target_alias_set=
ac_cv_env_target_alias_value=
ac_cv_f77_compiler_gnu=yes
ac_cv_fc_compiler_gnu=yes
ac_cv_objext=o
ac_cv_path_install='/usr/bin/install -c'
ac_cv_path_mkdir=/usr/bin/mkdir
ac_cv_prog_AWK=gawk
ac_cv_prog_ac_ct_F77=gfortran
ac_cv_prog_ac_ct_FC=gfortran
ac_cv_prog_f77_g=yes
ac_cv_prog_fc_g=yes
ac_cv_prog_make_make_set=yes
am_cv_make_support_nested_variables=yes

## ----------------- ##
## Output variables. ##
## ----------------- ##

ACLOCAL='${SHELL} /home/r2/Tools/test_gg/missing aclocal-1.16'
AMTAR='$${TAR-tar}'
AM_BACKSLASH='\'
AM_DEFAULT_V='$(AM_DEFAULT_VERBOSITY)'
AM_DEFAULT_VERBOSITY='1'
AM_V='$(V)'
AUTOCONF='${SHELL} /home/r2/Tools/test_gg/missing autoconf'
AUTOHEADER='${SHELL} /home/r2/Tools/test_gg/missing autoheader'
AUTOMAKE='${SHELL} /home/r2/Tools/test_gg/missing automake-1.16'
AWK='gawk'
CYGPATH_W='echo'
DEFS='-DPACKAGE_NAME=\"Hello\ Program\" -DPACKAGE_TARNAME=\"hello-program\" -DPACKAGE_VERSION=\"2020.308.proto\" -DPACKAGE_STRING=\"Hello\ Program\ 2020.308.proto\" -DPACKAGE_BUGREPORT=\"\" -DPACKAGE_URL=\"\" -DPACKAGE=\"hello-program\" -DVERSION=\"2020.308.proto\"'
ECHO_C=''
ECHO_N='-n'
ECHO_T=''
EXEEXT=''
F77='gfortran'
FC='gfortran'
FCFLAGS=' -std=legacy -g -cpp -ffixed-line-length-none'
FFLAGS='  -std=legacy -g -cpp -ffixed-line-length-none'
INSTALL_DATA='${INSTALL} -m 644'
INSTALL_PROGRAM='${INSTALL}'
INSTALL_SCRIPT='${INSTALL}'
INSTALL_STRIP_PROGRAM='$(install_sh) -c -s'
LDFLAGS=''
LIBOBJS=''
LIBS=''
LTLIBOBJS=''
MAKEINFO='${SHELL} /home/r2/Tools/test_gg/missing makeinfo'
MKDIR_P='/usr/bin/mkdir -p'
OBJEXT='o'
PACKAGE='hello-program'
PACKAGE_BUGREPORT=''
PACKAGE_NAME='Hello Program'
PACKAGE_STRING='Hello Program 2020.308.proto'
PACKAGE_TARNAME='hello-program'
PACKAGE_URL=''
PACKAGE_VERSION='2020.308.proto'
PATH_SEPARATOR=':'
SET_MAKE=''
SHELL='/bin/sh'
STRIP=''
VERSION='2020.308.proto'
ac_ct_F77='gfortran'
ac_ct_FC='gfortran'
am__EXEEXT_FALSE=''
am__EXEEXT_TRUE='#'
am__isrc=''
am__leading_dot='.'
am__tar='$${TAR-tar} chof - "$$tardir"'
am__untar='$${TAR-tar} xf -'
bindir='${exec_prefix}/bin'
build_alias=''
datadir='${datarootdir}'
datarootdir='${prefix}/share'
docdir='${datarootdir}/doc/${PACKAGE_TARNAME}'
dvidir='${docdir}'
exec_prefix='${prefix}'
host_alias=''
htmldir='${docdir}'
includedir='${prefix}/include'
infodir='${datarootdir}/info'
install_sh='${SHELL} /home/r2/Tools/test_gg/install-sh'
libdir='${exec_prefix}/lib'
libexecdir='${exec_prefix}/libexec'
localedir='${datarootdir}/locale'
localstatedir='${prefix}/var'
mandir='${datarootdir}/man'
mkdir_p='$(MKDIR_P)'
oldincludedir='/usr/include'
pdfdir='${docdir}'
prefix='/home/r2/.local'
program_transform_name='s,x,x,'
psdir='${docdir}'
sbindir='${exec_prefix}/sbin'
sharedstatedir='${prefix}/com'
sysconfdir='${prefix}/etc'
target_alias=''

## ----------- ##
## confdefs.h. ##
## ----------- ##

/* confdefs.h */
#define PACKAGE_NAME "Hello Program"
#define PACKAGE_TARNAME "hello-program"
#define PACKAGE_VERSION "2020.308.proto"
#define PACKAGE_STRING "Hello Program 2020.308.proto"
#define PACKAGE_BUGREPORT ""
#define PACKAGE_URL ""
#define PACKAGE "hello-program"
#define VERSION "2020.308.proto"

configure: exit 0
